Epoch 1/5
----------
Train loss 0.014247180229102383
Validation F1 Score: 0.8658987783595112
Validation Accuracy: 0.6615959434214038
Epoch 2/5
----------
Train loss 0.011292625862779892
Validation F1 Score: 0.8618698958039989
Validation Accuracy: 0.6621297037630104
Epoch 3/5
----------
Train loss 0.009889731157581681
Validation F1 Score: 0.8645448847412772
Validation Accuracy: 0.6693354683746997
Epoch 4/5
----------
Train loss 0.008828271800021251
Validation F1 Score: 0.8644313861043899
Validation Accuracy: 0.6682679476914866
Epoch 5/5
----------
Train loss 0.008044136954079148
Validation F1 Score: 0.8642434255817155
Validation Accuracy: 0.6709367493995196
KNN & BERT Validation F1 Score with Lambda(0.5): 0.8627127951674904
KNN & BERT Validation Accuracy with Lambda(0.5): 0.6658660261542567
KNN & BERT Validation F1 Score with Lambda(1): 0.8492649549488517
KNN & BERT Validation Accuracy with Lambda(1): 0.6405124099279423
